

Executing(%prep): /bin/sh -e /var/tmp/rpm-tmp.qcPR0k
+ umask 022
+ cd /home/gwen/Agilack/Projects/Hermod/hermod/pkg/fedora/core
+ exit 0
Executing(%build): /bin/sh -e /var/tmp/rpm-tmp.6o95tS
+ umask 022
+ cd /home/gwen/Agilack/Projects/Hermod/hermod/pkg/fedora/core
+ echo '----------- BUILD -------------'
----------- BUILD -------------
+ exit 0
Executing(%install): /bin/sh -e /var/tmp/rpm-tmp.Tr20Xp
+ umask 022
+ cd /home/gwen/Agilack/Projects/Hermod/hermod/pkg/fedora/core
+ '[' /home/gwen/rpmbuild/BUILDROOT/hermod-0.2-1.fc24.x86_64 '!=' / ']'
+ rm -rf /home/gwen/rpmbuild/BUILDROOT/hermod-0.2-1.fc24.x86_64
++ dirname /home/gwen/rpmbuild/BUILDROOT/hermod-0.2-1.fc24.x86_64
+ mkdir -p /home/gwen/rpmbuild/BUILDROOT
+ mkdir /home/gwen/rpmbuild/BUILDROOT/hermod-0.2-1.fc24.x86_64
+ echo '----------- INSTALL -------------'
----------- INSTALL -------------
+ install -m 755 -d /home/gwen/rpmbuild/BUILDROOT/hermod-0.2-1.fc24.x86_64//usr/sbin
+ cp -a ../../../src/hermod /home/gwen/rpmbuild/BUILDROOT/hermod-0.2-1.fc24.x86_64//usr/sbin/hermod
+ install -m 755 -d /home/gwen/rpmbuild/BUILDROOT/hermod-0.2-1.fc24.x86_64//usr/lib64/hermod
+ cp -a ../../../modules/Dummy/dummy.so /home/gwen/rpmbuild/BUILDROOT/hermod-0.2-1.fc24.x86_64//usr/lib64/hermod
+ install -m 755 -d /home/gwen/rpmbuild/BUILDROOT/hermod-0.2-1.fc24.x86_64//etc/hermod
+ cp -a config/main.cfg /home/gwen/rpmbuild/BUILDROOT/hermod-0.2-1.fc24.x86_64//etc/hermod
+ /usr/lib/rpm/check-buildroot
+ /usr/lib/rpm/brp-compress
+ /usr/lib/rpm/brp-strip /usr/bin/strip
+ /usr/lib/rpm/brp-strip-comment-note /usr/bin/strip /usr/bin/objdump
+ /usr/lib/rpm/brp-strip-static-archive /usr/bin/strip
+ /usr/lib/rpm/brp-python-bytecompile /usr/bin/python 1
+ /usr/lib/rpm/brp-python-hardlink
+ /usr/lib/rpm/redhat/brp-java-repack-jars
Executing(%check): /bin/sh -e /var/tmp/rpm-tmp.OKnKUX
+ umask 022
+ cd /home/gwen/Agilack/Projects/Hermod/hermod/pkg/fedora/core
+ exit 0
Processing files: hermod-0.2-1.fc24.x86_64
Provides: hermod = 0.2-1.fc24 hermod(x86-64) = 0.2-1.fc24
Requires(rpmlib): rpmlib(CompressedFileNames) <= 3.0.4-1 rpmlib(FileDigests) <= 4.6.0-1 rpmlib(PayloadFilesHavePrefix) <= 4.0-1
Requires: libc.so.6()(64bit) libc.so.6(GLIBC_2.2.5)(64bit) libdl.so.2()(64bit) libdl.so.2(GLIBC_2.2.5)(64bit) libfcgi++.so.0()(64bit) libfcgi.so.0()(64bit) libgcc_s.so.1()(64bit) libgcc_s.so.1(GCC_3.0)(64bit) libm.so.6()(64bit) libstdc++.so.6()(64bit) libstdc++.so.6(CXXABI_1.3)(64bit) libstdc++.so.6(GLIBCXX_3.4)(64bit) libstdc++.so.6(GLIBCXX_3.4.20)(64bit) libstdc++.so.6(GLIBCXX_3.4.21)(64bit) rtld(GNU_HASH)
Checking for unpackaged file(s): /usr/lib/rpm/check-files /home/gwen/rpmbuild/BUILDROOT/hermod-0.2-1.fc24.x86_64
Wrote: /home/gwen/Agilack/Projects/Hermod/hermod/pkg/fedora/core/hermod-0.2-1.fc24.src.rpm
Wrote: /home/gwen/Agilack/Projects/Hermod/hermod/pkg/fedora/core/x86_64/hermod-0.2-1.fc24.x86_64.rpm
Executing(%clean): /bin/sh -e /var/tmp/rpm-tmp.vGQMcw
+ umask 022
+ cd /home/gwen/Agilack/Projects/Hermod/hermod/pkg/fedora/core
+ /usr/bin/rm -rf /home/gwen/rpmbuild/BUILDROOT/hermod-0.2-1.fc24.x86_64
+ exit 0
